2026-05-07 05:07:30,127 [pyphi.conf] INFO MainProcess: PyPhi v1.2.0
2026-05-07 05:07:30,127 [pyphi.conf] INFO MainProcess: Using default configuration (no configuration file provided)
2026-05-07 05:07:30,127 [pyphi.conf] INFO MainProcess: Current PyPhi configuration:
 { 'ASSUME_CUTS_CANNOT_CREATE_NEW_CONCEPTS': False,
  'CACHE_POTENTIAL_PURVIEWS': True,
  'CACHE_REPERTOIRES': True,
  'CACHE_SIAS': False,
  'CACHING_BACKEND': 'fs',
  'CLEAR_SUBSYSTEM_CACHES_AFTER_COMPUTING_SIA': False,
  'CUT_ONE_APPROXIMATION': False,
  'FS_CACHE_DIRECTORY': '__pyphi_cache__',
  'FS_CACHE_VERBOSITY': 0,
  'LOG_FILE': 'pyphi.log',
  'LOG_FILE_LEVEL': 'INFO',
  'LOG_STDOUT_LEVEL': 'WARNING',
  'MAXIMUM_CACHE_MEMORY_PERCENTAGE': 50,
  'MEASURE': 'EMD',
  'MONGODB_CONFIG': { 'collection_name': 'cache',
                      'database_name': 'pyphi',
                      'host': 'localhost',
                      'port': 27017},
  'NUMBER_OF_CORES': -1,
  'PARALLEL_COMPLEX_EVALUATION': False,
  'PARALLEL_CONCEPT_EVALUATION': False,
  'PARALLEL_CUT_EVALUATION': True,
  'PARTITION_TYPE': 'BI',
  'PICK_SMALLEST_PURVIEW': False,
  'PRECISION': 6,
  'PRINT_FRACTIONS': True,
  'PROGRESS_BARS': True,
  'REDIS_CACHE': False,
  'REDIS_CONFIG': {'db': 0, 'host': 'localhost', 'port': 6379, 'test_db': 1},
  'REPR_VERBOSITY': 2,
  'SINGLE_MICRO_NODES_WITH_SELFLOOPS_HAVE_PHI': False,
  'SYSTEM_CUTS': '3.0_STYLE',
  'USE_SMALL_PHI_DIFFERENCE_FOR_CES_DISTANCE': False,
  'VALIDATE_CONDITIONAL_INDEPENDENCE': True,
  'VALIDATE_SUBSYSTEM_STATES': True,
  'WELCOME_OFF': False}
2026-05-07 05:09:20,703 [pyphi.conf] INFO MainProcess: PyPhi v1.2.0
2026-05-07 05:09:20,703 [pyphi.conf] INFO MainProcess: Using default configuration (no configuration file provided)
2026-05-07 05:09:20,704 [pyphi.conf] INFO MainProcess: Current PyPhi configuration:
 { 'ASSUME_CUTS_CANNOT_CREATE_NEW_CONCEPTS': False,
  'CACHE_POTENTIAL_PURVIEWS': True,
  'CACHE_REPERTOIRES': True,
  'CACHE_SIAS': False,
  'CACHING_BACKEND': 'fs',
  'CLEAR_SUBSYSTEM_CACHES_AFTER_COMPUTING_SIA': False,
  'CUT_ONE_APPROXIMATION': False,
  'FS_CACHE_DIRECTORY': '__pyphi_cache__',
  'FS_CACHE_VERBOSITY': 0,
  'LOG_FILE': 'pyphi.log',
  'LOG_FILE_LEVEL': 'INFO',
  'LOG_STDOUT_LEVEL': 'WARNING',
  'MAXIMUM_CACHE_MEMORY_PERCENTAGE': 50,
  'MEASURE': 'EMD',
  'MONGODB_CONFIG': { 'collection_name': 'cache',
                      'database_name': 'pyphi',
                      'host': 'localhost',
                      'port': 27017},
  'NUMBER_OF_CORES': -1,
  'PARALLEL_COMPLEX_EVALUATION': False,
  'PARALLEL_CONCEPT_EVALUATION': False,
  'PARALLEL_CUT_EVALUATION': True,
  'PARTITION_TYPE': 'BI',
  'PICK_SMALLEST_PURVIEW': False,
  'PRECISION': 6,
  'PRINT_FRACTIONS': True,
  'PROGRESS_BARS': True,
  'REDIS_CACHE': False,
  'REDIS_CONFIG': {'db': 0, 'host': 'localhost', 'port': 6379, 'test_db': 1},
  'REPR_VERBOSITY': 2,
  'SINGLE_MICRO_NODES_WITH_SELFLOOPS_HAVE_PHI': False,
  'SYSTEM_CUTS': '3.0_STYLE',
  'USE_SMALL_PHI_DIFFERENCE_FOR_CES_DISTANCE': False,
  'VALIDATE_CONDITIONAL_INDEPENDENCE': True,
  'VALIDATE_SUBSYSTEM_STATES': True,
  'WELCOME_OFF': False}
2026-05-07 05:10:21,497 [pyphi.conf] INFO MainProcess: PyPhi v1.2.0
2026-05-07 05:10:21,498 [pyphi.conf] INFO MainProcess: Using default configuration (no configuration file provided)
2026-05-07 05:10:21,498 [pyphi.conf] INFO MainProcess: Current PyPhi configuration:
 { 'ASSUME_CUTS_CANNOT_CREATE_NEW_CONCEPTS': False,
  'CACHE_POTENTIAL_PURVIEWS': True,
  'CACHE_REPERTOIRES': True,
  'CACHE_SIAS': False,
  'CACHING_BACKEND': 'fs',
  'CLEAR_SUBSYSTEM_CACHES_AFTER_COMPUTING_SIA': False,
  'CUT_ONE_APPROXIMATION': False,
  'FS_CACHE_DIRECTORY': '__pyphi_cache__',
  'FS_CACHE_VERBOSITY': 0,
  'LOG_FILE': 'pyphi.log',
  'LOG_FILE_LEVEL': 'INFO',
  'LOG_STDOUT_LEVEL': 'WARNING',
  'MAXIMUM_CACHE_MEMORY_PERCENTAGE': 50,
  'MEASURE': 'EMD',
  'MONGODB_CONFIG': { 'collection_name': 'cache',
                      'database_name': 'pyphi',
                      'host': 'localhost',
                      'port': 27017},
  'NUMBER_OF_CORES': -1,
  'PARALLEL_COMPLEX_EVALUATION': False,
  'PARALLEL_CONCEPT_EVALUATION': False,
  'PARALLEL_CUT_EVALUATION': True,
  'PARTITION_TYPE': 'BI',
  'PICK_SMALLEST_PURVIEW': False,
  'PRECISION': 6,
  'PRINT_FRACTIONS': True,
  'PROGRESS_BARS': True,
  'REDIS_CACHE': False,
  'REDIS_CONFIG': {'db': 0, 'host': 'localhost', 'port': 6379, 'test_db': 1},
  'REPR_VERBOSITY': 2,
  'SINGLE_MICRO_NODES_WITH_SELFLOOPS_HAVE_PHI': False,
  'SYSTEM_CUTS': '3.0_STYLE',
  'USE_SMALL_PHI_DIFFERENCE_FOR_CES_DISTANCE': False,
  'VALIDATE_CONDITIONAL_INDEPENDENCE': True,
  'VALIDATE_SUBSYSTEM_STATES': True,
  'WELCOME_OFF': False}
2026-05-07 05:16:28,164 [pyphi.conf] INFO MainProcess: PyPhi v1.2.1.dev1470+gb78d0e342
2026-05-07 05:16:28,164 [pyphi.conf] INFO MainProcess: Using default configuration (no configuration file provided)
2026-05-07 05:16:28,165 [pyphi.conf] INFO MainProcess: Current PyPhi configuration:
 { 'ACTUAL_CAUSATION_MEASURE': 'PMI',
  'ASSUME_CUTS_CANNOT_CREATE_NEW_CONCEPTS': False,
  'CACHE_POTENTIAL_PURVIEWS': True,
  'CACHE_REPERTOIRES': True,
  'CES_DISTANCE': 'SUM_SMALL_PHI',
  'CLEAR_SUBSYSTEM_CACHES_AFTER_COMPUTING_SIA': False,
  'DISTINCTION_PHI_NORMALIZATION': 'NUM_CONNECTIONS_CUT',
  'IIT_VERSION': 4.0,
  'LABEL_SEPARATOR': '',
  'LOG_FILE': 'pyphi.log',
  'LOG_FILE_LEVEL': 'INFO',
  'LOG_STDOUT_LEVEL': 'WARNING',
  'MAXIMUM_CACHE_MEMORY_PERCENTAGE': 50,
  'MIP_TIE_RESOLUTION': ['NORMALIZED_PHI', 'NEGATIVE_PHI'],
  'NUMBER_OF_CORES': -1,
  'PARALLEL': False,
  'PARALLEL_COMPLEX_EVALUATION': { 'chunksize': 64,
                                   'parallel': False,
                                   'progress': True,
                                   'sequential_threshold': 16},
  'PARALLEL_CONCEPT_EVALUATION': { 'chunksize': 256,
                                   'parallel': False,
                                   'progress': True,
                                   'sequential_threshold': 64},
  'PARALLEL_CUT_EVALUATION': { 'chunksize': 4096,
                               'parallel': False,
                               'progress': True,
                               'sequential_threshold': 1024},
  'PARALLEL_MECHANISM_PARTITION_EVALUATION': { 'chunksize': 4096,
                                               'parallel': False,
                                               'progress': True,
                                               'sequential_threshold': 1024},
  'PARALLEL_PURVIEW_EVALUATION': { 'chunksize': 256,
                                   'parallel': False,
                                   'progress': True,
                                   'sequential_threshold': 64},
  'PARALLEL_RELATION_EVALUATION': { 'chunksize': 4096,
                                    'parallel': False,
                                    'progress': True,
                                    'sequential_threshold': 1024},
  'PARTITION_TYPE': 'ALL',
  'PRECISION': 13,
  'PRINT_FRACTIONS': True,
  'PROGRESS_BARS': True,
  'PURVIEW_TIE_RESOLUTION': 'PHI',
  'RAY_CONFIG': {},
  'REDIS_CACHE': False,
  'REDIS_CONFIG': {'db': 0, 'host': 'localhost', 'port': 6379, 'test_db': 1},
  'RELATION_COMPUTATION': 'CONCRETE',
  'REPERTOIRE_DISTANCE': 'GENERALIZED_INTRINSIC_DIFFERENCE',
  'REPERTOIRE_DISTANCE_INFORMATION': 'GENERALIZED_INTRINSIC_DIFFERENCE',
  'REPR_VERBOSITY': 2,
  'SHORTCIRCUIT_SIA': True,
  'SINGLE_MICRO_NODES_WITH_SELFLOOPS_HAVE_PHI': True,
  'STATE_TIE_RESOLUTION': 'PHI',
  'SYSTEM_CUTS': '3.0_STYLE',
  'SYSTEM_PARTITION_INCLUDE_COMPLETE': False,
  'SYSTEM_PARTITION_TYPE': 'SET_UNI/BI',
  'VALIDATE_CONDITIONAL_INDEPENDENCE': True,
  'VALIDATE_SUBSYSTEM_STATES': True,
  'WELCOME_OFF': False}
2026-05-07 05:19:36,561 [pyphi.conf] INFO MainProcess: PyPhi v1.2.1.dev1470+gb78d0e342
2026-05-07 05:19:36,561 [pyphi.conf] INFO MainProcess: Using default configuration (no configuration file provided)
2026-05-07 05:19:36,562 [pyphi.conf] INFO MainProcess: Current PyPhi configuration:
 { 'ACTUAL_CAUSATION_MEASURE': 'PMI',
  'ASSUME_CUTS_CANNOT_CREATE_NEW_CONCEPTS': False,
  'CACHE_POTENTIAL_PURVIEWS': True,
  'CACHE_REPERTOIRES': True,
  'CES_DISTANCE': 'SUM_SMALL_PHI',
  'CLEAR_SUBSYSTEM_CACHES_AFTER_COMPUTING_SIA': False,
  'DISTINCTION_PHI_NORMALIZATION': 'NUM_CONNECTIONS_CUT',
  'IIT_VERSION': 4.0,
  'LABEL_SEPARATOR': '',
  'LOG_FILE': 'pyphi.log',
  'LOG_FILE_LEVEL': 'INFO',
  'LOG_STDOUT_LEVEL': 'WARNING',
  'MAXIMUM_CACHE_MEMORY_PERCENTAGE': 50,
  'MIP_TIE_RESOLUTION': ['NORMALIZED_PHI', 'NEGATIVE_PHI'],
  'NUMBER_OF_CORES': -1,
  'PARALLEL': False,
  'PARALLEL_COMPLEX_EVALUATION': { 'chunksize': 64,
                                   'parallel': False,
                                   'progress': True,
                                   'sequential_threshold': 16},
  'PARALLEL_CONCEPT_EVALUATION': { 'chunksize': 256,
                                   'parallel': False,
                                   'progress': True,
                                   'sequential_threshold': 64},
  'PARALLEL_CUT_EVALUATION': { 'chunksize': 4096,
                               'parallel': False,
                               'progress': True,
                               'sequential_threshold': 1024},
  'PARALLEL_MECHANISM_PARTITION_EVALUATION': { 'chunksize': 4096,
                                               'parallel': False,
                                               'progress': True,
                                               'sequential_threshold': 1024},
  'PARALLEL_PURVIEW_EVALUATION': { 'chunksize': 256,
                                   'parallel': False,
                                   'progress': True,
                                   'sequential_threshold': 64},
  'PARALLEL_RELATION_EVALUATION': { 'chunksize': 4096,
                                    'parallel': False,
                                    'progress': True,
                                    'sequential_threshold': 1024},
  'PARTITION_TYPE': 'ALL',
  'PRECISION': 13,
  'PRINT_FRACTIONS': True,
  'PROGRESS_BARS': True,
  'PURVIEW_TIE_RESOLUTION': 'PHI',
  'RAY_CONFIG': {},
  'REDIS_CACHE': False,
  'REDIS_CONFIG': {'db': 0, 'host': 'localhost', 'port': 6379, 'test_db': 1},
  'RELATION_COMPUTATION': 'CONCRETE',
  'REPERTOIRE_DISTANCE': 'GENERALIZED_INTRINSIC_DIFFERENCE',
  'REPERTOIRE_DISTANCE_INFORMATION': 'GENERALIZED_INTRINSIC_DIFFERENCE',
  'REPR_VERBOSITY': 2,
  'SHORTCIRCUIT_SIA': True,
  'SINGLE_MICRO_NODES_WITH_SELFLOOPS_HAVE_PHI': True,
  'STATE_TIE_RESOLUTION': 'PHI',
  'SYSTEM_CUTS': '3.0_STYLE',
  'SYSTEM_PARTITION_INCLUDE_COMPLETE': False,
  'SYSTEM_PARTITION_TYPE': 'SET_UNI/BI',
  'VALIDATE_CONDITIONAL_INDEPENDENCE': True,
  'VALIDATE_SUBSYSTEM_STATES': True,
  'WELCOME_OFF': False}
2026-05-07 05:20:17,298 [pyphi.conf] INFO MainProcess: PyPhi v1.2.1.dev1470+gb78d0e342
2026-05-07 05:20:17,298 [pyphi.conf] INFO MainProcess: Using default configuration (no configuration file provided)
2026-05-07 05:20:17,299 [pyphi.conf] INFO MainProcess: Current PyPhi configuration:
 { 'ACTUAL_CAUSATION_MEASURE': 'PMI',
  'ASSUME_CUTS_CANNOT_CREATE_NEW_CONCEPTS': False,
  'CACHE_POTENTIAL_PURVIEWS': True,
  'CACHE_REPERTOIRES': True,
  'CES_DISTANCE': 'SUM_SMALL_PHI',
  'CLEAR_SUBSYSTEM_CACHES_AFTER_COMPUTING_SIA': False,
  'DISTINCTION_PHI_NORMALIZATION': 'NUM_CONNECTIONS_CUT',
  'IIT_VERSION': 4.0,
  'LABEL_SEPARATOR': '',
  'LOG_FILE': 'pyphi.log',
  'LOG_FILE_LEVEL': 'INFO',
  'LOG_STDOUT_LEVEL': 'WARNING',
  'MAXIMUM_CACHE_MEMORY_PERCENTAGE': 50,
  'MIP_TIE_RESOLUTION': ['NORMALIZED_PHI', 'NEGATIVE_PHI'],
  'NUMBER_OF_CORES': -1,
  'PARALLEL': False,
  'PARALLEL_COMPLEX_EVALUATION': { 'chunksize': 64,
                                   'parallel': False,
                                   'progress': True,
                                   'sequential_threshold': 16},
  'PARALLEL_CONCEPT_EVALUATION': { 'chunksize': 256,
                                   'parallel': False,
                                   'progress': True,
                                   'sequential_threshold': 64},
  'PARALLEL_CUT_EVALUATION': { 'chunksize': 4096,
                               'parallel': False,
                               'progress': True,
                               'sequential_threshold': 1024},
  'PARALLEL_MECHANISM_PARTITION_EVALUATION': { 'chunksize': 4096,
                                               'parallel': False,
                                               'progress': True,
                                               'sequential_threshold': 1024},
  'PARALLEL_PURVIEW_EVALUATION': { 'chunksize': 256,
                                   'parallel': False,
                                   'progress': True,
                                   'sequential_threshold': 64},
  'PARALLEL_RELATION_EVALUATION': { 'chunksize': 4096,
                                    'parallel': False,
                                    'progress': True,
                                    'sequential_threshold': 1024},
  'PARTITION_TYPE': 'ALL',
  'PRECISION': 13,
  'PRINT_FRACTIONS': True,
  'PROGRESS_BARS': True,
  'PURVIEW_TIE_RESOLUTION': 'PHI',
  'RAY_CONFIG': {},
  'REDIS_CACHE': False,
  'REDIS_CONFIG': {'db': 0, 'host': 'localhost', 'port': 6379, 'test_db': 1},
  'RELATION_COMPUTATION': 'CONCRETE',
  'REPERTOIRE_DISTANCE': 'GENERALIZED_INTRINSIC_DIFFERENCE',
  'REPERTOIRE_DISTANCE_INFORMATION': 'GENERALIZED_INTRINSIC_DIFFERENCE',
  'REPR_VERBOSITY': 2,
  'SHORTCIRCUIT_SIA': True,
  'SINGLE_MICRO_NODES_WITH_SELFLOOPS_HAVE_PHI': True,
  'STATE_TIE_RESOLUTION': 'PHI',
  'SYSTEM_CUTS': '3.0_STYLE',
  'SYSTEM_PARTITION_INCLUDE_COMPLETE': False,
  'SYSTEM_PARTITION_TYPE': 'SET_UNI/BI',
  'VALIDATE_CONDITIONAL_INDEPENDENCE': True,
  'VALIDATE_SUBSYSTEM_STATES': True,
  'WELCOME_OFF': False}
2026-05-07 05:22:31,841 [pyphi.conf] INFO MainProcess: PyPhi v1.2.1.dev1470+gb78d0e342
2026-05-07 05:22:31,842 [pyphi.conf] INFO MainProcess: Using default configuration (no configuration file provided)
2026-05-07 05:22:31,843 [pyphi.conf] INFO MainProcess: Current PyPhi configuration:
 { 'ACTUAL_CAUSATION_MEASURE': 'PMI',
  'ASSUME_CUTS_CANNOT_CREATE_NEW_CONCEPTS': False,
  'CACHE_POTENTIAL_PURVIEWS': True,
  'CACHE_REPERTOIRES': True,
  'CES_DISTANCE': 'SUM_SMALL_PHI',
  'CLEAR_SUBSYSTEM_CACHES_AFTER_COMPUTING_SIA': False,
  'DISTINCTION_PHI_NORMALIZATION': 'NUM_CONNECTIONS_CUT',
  'IIT_VERSION': 4.0,
  'LABEL_SEPARATOR': '',
  'LOG_FILE': 'pyphi.log',
  'LOG_FILE_LEVEL': 'INFO',
  'LOG_STDOUT_LEVEL': 'WARNING',
  'MAXIMUM_CACHE_MEMORY_PERCENTAGE': 50,
  'MIP_TIE_RESOLUTION': ['NORMALIZED_PHI', 'NEGATIVE_PHI'],
  'NUMBER_OF_CORES': -1,
  'PARALLEL': False,
  'PARALLEL_COMPLEX_EVALUATION': { 'chunksize': 64,
                                   'parallel': False,
                                   'progress': True,
                                   'sequential_threshold': 16},
  'PARALLEL_CONCEPT_EVALUATION': { 'chunksize': 256,
                                   'parallel': False,
                                   'progress': True,
                                   'sequential_threshold': 64},
  'PARALLEL_CUT_EVALUATION': { 'chunksize': 4096,
                               'parallel': False,
                               'progress': True,
                               'sequential_threshold': 1024},
  'PARALLEL_MECHANISM_PARTITION_EVALUATION': { 'chunksize': 4096,
                                               'parallel': False,
                                               'progress': True,
                                               'sequential_threshold': 1024},
  'PARALLEL_PURVIEW_EVALUATION': { 'chunksize': 256,
                                   'parallel': False,
                                   'progress': True,
                                   'sequential_threshold': 64},
  'PARALLEL_RELATION_EVALUATION': { 'chunksize': 4096,
                                    'parallel': False,
                                    'progress': True,
                                    'sequential_threshold': 1024},
  'PARTITION_TYPE': 'ALL',
  'PRECISION': 13,
  'PRINT_FRACTIONS': True,
  'PROGRESS_BARS': True,
  'PURVIEW_TIE_RESOLUTION': 'PHI',
  'RAY_CONFIG': {},
  'REDIS_CACHE': False,
  'REDIS_CONFIG': {'db': 0, 'host': 'localhost', 'port': 6379, 'test_db': 1},
  'RELATION_COMPUTATION': 'CONCRETE',
  'REPERTOIRE_DISTANCE': 'GENERALIZED_INTRINSIC_DIFFERENCE',
  'REPERTOIRE_DISTANCE_INFORMATION': 'GENERALIZED_INTRINSIC_DIFFERENCE',
  'REPR_VERBOSITY': 2,
  'SHORTCIRCUIT_SIA': True,
  'SINGLE_MICRO_NODES_WITH_SELFLOOPS_HAVE_PHI': True,
  'STATE_TIE_RESOLUTION': 'PHI',
  'SYSTEM_CUTS': '3.0_STYLE',
  'SYSTEM_PARTITION_INCLUDE_COMPLETE': False,
  'SYSTEM_PARTITION_TYPE': 'SET_UNI/BI',
  'VALIDATE_CONDITIONAL_INDEPENDENCE': True,
  'VALIDATE_SUBSYSTEM_STATES': True,
  'WELCOME_OFF': False}
2026-05-07 05:22:35,820 [pyphi.compute.subsystem] INFO MainProcess: Calculating big-phi data for Subsystem(cat, bound)...
2026-05-07 05:22:35,823 [pyphi.compute.subsystem] INFO MainProcess: Calculating big-phi data for Subsystem(cat, bound)...
2026-05-07 05:22:35,824 [pyphi.compute.subsystem] INFO MainProcess: Calculating big-phi data for Subsystem(cat, bound)...
2026-05-07 05:22:35,826 [pyphi.compute.subsystem] INFO MainProcess: Calculating big-phi data for Subsystem(cat, bound)...
2026-05-07 05:25:49,748 [pyphi.conf] INFO MainProcess: PyPhi v1.2.1.dev1470+gb78d0e342
2026-05-07 05:25:49,749 [pyphi.conf] INFO MainProcess: Using default configuration (no configuration file provided)
2026-05-07 05:25:49,749 [pyphi.conf] INFO MainProcess: Current PyPhi configuration:
 { 'ACTUAL_CAUSATION_MEASURE': 'PMI',
  'ASSUME_CUTS_CANNOT_CREATE_NEW_CONCEPTS': False,
  'CACHE_POTENTIAL_PURVIEWS': True,
  'CACHE_REPERTOIRES': True,
  'CES_DISTANCE': 'SUM_SMALL_PHI',
  'CLEAR_SUBSYSTEM_CACHES_AFTER_COMPUTING_SIA': False,
  'DISTINCTION_PHI_NORMALIZATION': 'NUM_CONNECTIONS_CUT',
  'IIT_VERSION': 4.0,
  'LABEL_SEPARATOR': '',
  'LOG_FILE': 'pyphi.log',
  'LOG_FILE_LEVEL': 'INFO',
  'LOG_STDOUT_LEVEL': 'WARNING',
  'MAXIMUM_CACHE_MEMORY_PERCENTAGE': 50,
  'MIP_TIE_RESOLUTION': ['NORMALIZED_PHI', 'NEGATIVE_PHI'],
  'NUMBER_OF_CORES': -1,
  'PARALLEL': False,
  'PARALLEL_COMPLEX_EVALUATION': { 'chunksize': 64,
                                   'parallel': False,
                                   'progress': True,
                                   'sequential_threshold': 16},
  'PARALLEL_CONCEPT_EVALUATION': { 'chunksize': 256,
                                   'parallel': False,
                                   'progress': True,
                                   'sequential_threshold': 64},
  'PARALLEL_CUT_EVALUATION': { 'chunksize': 4096,
                               'parallel': False,
                               'progress': True,
                               'sequential_threshold': 1024},
  'PARALLEL_MECHANISM_PARTITION_EVALUATION': { 'chunksize': 4096,
                                               'parallel': False,
                                               'progress': True,
                                               'sequential_threshold': 1024},
  'PARALLEL_PURVIEW_EVALUATION': { 'chunksize': 256,
                                   'parallel': False,
                                   'progress': True,
                                   'sequential_threshold': 64},
  'PARALLEL_RELATION_EVALUATION': { 'chunksize': 4096,
                                    'parallel': False,
                                    'progress': True,
                                    'sequential_threshold': 1024},
  'PARTITION_TYPE': 'ALL',
  'PRECISION': 13,
  'PRINT_FRACTIONS': True,
  'PROGRESS_BARS': True,
  'PURVIEW_TIE_RESOLUTION': 'PHI',
  'RAY_CONFIG': {},
  'REDIS_CACHE': False,
  'REDIS_CONFIG': {'db': 0, 'host': 'localhost', 'port': 6379, 'test_db': 1},
  'RELATION_COMPUTATION': 'CONCRETE',
  'REPERTOIRE_DISTANCE': 'GENERALIZED_INTRINSIC_DIFFERENCE',
  'REPERTOIRE_DISTANCE_INFORMATION': 'GENERALIZED_INTRINSIC_DIFFERENCE',
  'REPR_VERBOSITY': 2,
  'SHORTCIRCUIT_SIA': True,
  'SINGLE_MICRO_NODES_WITH_SELFLOOPS_HAVE_PHI': True,
  'STATE_TIE_RESOLUTION': 'PHI',
  'SYSTEM_CUTS': '3.0_STYLE',
  'SYSTEM_PARTITION_INCLUDE_COMPLETE': False,
  'SYSTEM_PARTITION_TYPE': 'SET_UNI/BI',
  'VALIDATE_CONDITIONAL_INDEPENDENCE': True,
  'VALIDATE_SUBSYSTEM_STATES': True,
  'WELCOME_OFF': False}
2026-05-07 05:28:50,805 [pyphi.conf] INFO MainProcess: PyPhi v1.2.1.dev1470+gb78d0e342
2026-05-07 05:28:50,806 [pyphi.conf] INFO MainProcess: Using default configuration (no configuration file provided)
2026-05-07 05:28:50,807 [pyphi.conf] INFO MainProcess: Current PyPhi configuration:
 { 'ACTUAL_CAUSATION_MEASURE': 'PMI',
  'ASSUME_CUTS_CANNOT_CREATE_NEW_CONCEPTS': False,
  'CACHE_POTENTIAL_PURVIEWS': True,
  'CACHE_REPERTOIRES': True,
  'CES_DISTANCE': 'SUM_SMALL_PHI',
  'CLEAR_SUBSYSTEM_CACHES_AFTER_COMPUTING_SIA': False,
  'DISTINCTION_PHI_NORMALIZATION': 'NUM_CONNECTIONS_CUT',
  'IIT_VERSION': 4.0,
  'LABEL_SEPARATOR': '',
  'LOG_FILE': 'pyphi.log',
  'LOG_FILE_LEVEL': 'INFO',
  'LOG_STDOUT_LEVEL': 'WARNING',
  'MAXIMUM_CACHE_MEMORY_PERCENTAGE': 50,
  'MIP_TIE_RESOLUTION': ['NORMALIZED_PHI', 'NEGATIVE_PHI'],
  'NUMBER_OF_CORES': -1,
  'PARALLEL': False,
  'PARALLEL_COMPLEX_EVALUATION': { 'chunksize': 64,
                                   'parallel': False,
                                   'progress': True,
                                   'sequential_threshold': 16},
  'PARALLEL_CONCEPT_EVALUATION': { 'chunksize': 256,
                                   'parallel': False,
                                   'progress': True,
                                   'sequential_threshold': 64},
  'PARALLEL_CUT_EVALUATION': { 'chunksize': 4096,
                               'parallel': False,
                               'progress': True,
                               'sequential_threshold': 1024},
  'PARALLEL_MECHANISM_PARTITION_EVALUATION': { 'chunksize': 4096,
                                               'parallel': False,
                                               'progress': True,
                                               'sequential_threshold': 1024},
  'PARALLEL_PURVIEW_EVALUATION': { 'chunksize': 256,
                                   'parallel': False,
                                   'progress': True,
                                   'sequential_threshold': 64},
  'PARALLEL_RELATION_EVALUATION': { 'chunksize': 4096,
                                    'parallel': False,
                                    'progress': True,
                                    'sequential_threshold': 1024},
  'PARTITION_TYPE': 'ALL',
  'PRECISION': 13,
  'PRINT_FRACTIONS': True,
  'PROGRESS_BARS': True,
  'PURVIEW_TIE_RESOLUTION': 'PHI',
  'RAY_CONFIG': {},
  'REDIS_CACHE': False,
  'REDIS_CONFIG': {'db': 0, 'host': 'localhost', 'port': 6379, 'test_db': 1},
  'RELATION_COMPUTATION': 'CONCRETE',
  'REPERTOIRE_DISTANCE': 'GENERALIZED_INTRINSIC_DIFFERENCE',
  'REPERTOIRE_DISTANCE_INFORMATION': 'GENERALIZED_INTRINSIC_DIFFERENCE',
  'REPR_VERBOSITY': 2,
  'SHORTCIRCUIT_SIA': True,
  'SINGLE_MICRO_NODES_WITH_SELFLOOPS_HAVE_PHI': True,
  'STATE_TIE_RESOLUTION': 'PHI',
  'SYSTEM_CUTS': '3.0_STYLE',
  'SYSTEM_PARTITION_INCLUDE_COMPLETE': False,
  'SYSTEM_PARTITION_TYPE': 'SET_UNI/BI',
  'VALIDATE_CONDITIONAL_INDEPENDENCE': True,
  'VALIDATE_SUBSYSTEM_STATES': True,
  'WELCOME_OFF': False}
2026-05-07 05:31:49,372 [pyphi.conf] INFO MainProcess: PyPhi v1.2.1.dev1470+gb78d0e342
2026-05-07 05:31:49,372 [pyphi.conf] INFO MainProcess: Using default configuration (no configuration file provided)
2026-05-07 05:31:49,373 [pyphi.conf] INFO MainProcess: Current PyPhi configuration:
 { 'ACTUAL_CAUSATION_MEASURE': 'PMI',
  'ASSUME_CUTS_CANNOT_CREATE_NEW_CONCEPTS': False,
  'CACHE_POTENTIAL_PURVIEWS': True,
  'CACHE_REPERTOIRES': True,
  'CES_DISTANCE': 'SUM_SMALL_PHI',
  'CLEAR_SUBSYSTEM_CACHES_AFTER_COMPUTING_SIA': False,
  'DISTINCTION_PHI_NORMALIZATION': 'NUM_CONNECTIONS_CUT',
  'IIT_VERSION': 4.0,
  'LABEL_SEPARATOR': '',
  'LOG_FILE': 'pyphi.log',
  'LOG_FILE_LEVEL': 'INFO',
  'LOG_STDOUT_LEVEL': 'WARNING',
  'MAXIMUM_CACHE_MEMORY_PERCENTAGE': 50,
  'MIP_TIE_RESOLUTION': ['NORMALIZED_PHI', 'NEGATIVE_PHI'],
  'NUMBER_OF_CORES': -1,
  'PARALLEL': False,
  'PARALLEL_COMPLEX_EVALUATION': { 'chunksize': 64,
                                   'parallel': False,
                                   'progress': True,
                                   'sequential_threshold': 16},
  'PARALLEL_CONCEPT_EVALUATION': { 'chunksize': 256,
                                   'parallel': False,
                                   'progress': True,
                                   'sequential_threshold': 64},
  'PARALLEL_CUT_EVALUATION': { 'chunksize': 4096,
                               'parallel': False,
                               'progress': True,
                               'sequential_threshold': 1024},
  'PARALLEL_MECHANISM_PARTITION_EVALUATION': { 'chunksize': 4096,
                                               'parallel': False,
                                               'progress': True,
                                               'sequential_threshold': 1024},
  'PARALLEL_PURVIEW_EVALUATION': { 'chunksize': 256,
                                   'parallel': False,
                                   'progress': True,
                                   'sequential_threshold': 64},
  'PARALLEL_RELATION_EVALUATION': { 'chunksize': 4096,
                                    'parallel': False,
                                    'progress': True,
                                    'sequential_threshold': 1024},
  'PARTITION_TYPE': 'ALL',
  'PRECISION': 13,
  'PRINT_FRACTIONS': True,
  'PROGRESS_BARS': True,
  'PURVIEW_TIE_RESOLUTION': 'PHI',
  'RAY_CONFIG': {},
  'REDIS_CACHE': False,
  'REDIS_CONFIG': {'db': 0, 'host': 'localhost', 'port': 6379, 'test_db': 1},
  'RELATION_COMPUTATION': 'CONCRETE',
  'REPERTOIRE_DISTANCE': 'GENERALIZED_INTRINSIC_DIFFERENCE',
  'REPERTOIRE_DISTANCE_INFORMATION': 'GENERALIZED_INTRINSIC_DIFFERENCE',
  'REPR_VERBOSITY': 2,
  'SHORTCIRCUIT_SIA': True,
  'SINGLE_MICRO_NODES_WITH_SELFLOOPS_HAVE_PHI': True,
  'STATE_TIE_RESOLUTION': 'PHI',
  'SYSTEM_CUTS': '3.0_STYLE',
  'SYSTEM_PARTITION_INCLUDE_COMPLETE': False,
  'SYSTEM_PARTITION_TYPE': 'SET_UNI/BI',
  'VALIDATE_CONDITIONAL_INDEPENDENCE': True,
  'VALIDATE_SUBSYSTEM_STATES': True,
  'WELCOME_OFF': False}
2026-05-07 05:31:57,457 [pyphi.compute.subsystem] INFO MainProcess: Calculating big-phi data for Subsystem(cat, bound)...
2026-05-07 05:31:57,460 [pyphi.compute.subsystem] INFO MainProcess: Calculating big-phi data for Subsystem(cat, bound)...
2026-05-07 05:31:57,461 [pyphi.compute.subsystem] INFO MainProcess: Calculating big-phi data for Subsystem(cat, bound)...
2026-05-07 05:31:57,462 [pyphi.compute.subsystem] INFO MainProcess: Calculating big-phi data for Subsystem(cat, bound)...
2026-05-07 05:48:16,016 [pyphi.conf] INFO MainProcess: PyPhi v1.2.1.dev1470+gb78d0e342
2026-05-07 05:48:16,017 [pyphi.conf] INFO MainProcess: Using default configuration (no configuration file provided)
2026-05-07 05:48:16,017 [pyphi.conf] INFO MainProcess: Current PyPhi configuration:
 { 'ACTUAL_CAUSATION_MEASURE': 'PMI',
  'ASSUME_CUTS_CANNOT_CREATE_NEW_CONCEPTS': False,
  'CACHE_POTENTIAL_PURVIEWS': True,
  'CACHE_REPERTOIRES': True,
  'CES_DISTANCE': 'SUM_SMALL_PHI',
  'CLEAR_SUBSYSTEM_CACHES_AFTER_COMPUTING_SIA': False,
  'DISTINCTION_PHI_NORMALIZATION': 'NUM_CONNECTIONS_CUT',
  'IIT_VERSION': 4.0,
  'LABEL_SEPARATOR': '',
  'LOG_FILE': 'pyphi.log',
  'LOG_FILE_LEVEL': 'INFO',
  'LOG_STDOUT_LEVEL': 'WARNING',
  'MAXIMUM_CACHE_MEMORY_PERCENTAGE': 50,
  'MIP_TIE_RESOLUTION': ['NORMALIZED_PHI', 'NEGATIVE_PHI'],
  'NUMBER_OF_CORES': -1,
  'PARALLEL': False,
  'PARALLEL_COMPLEX_EVALUATION': { 'chunksize': 64,
                                   'parallel': False,
                                   'progress': True,
                                   'sequential_threshold': 16},
  'PARALLEL_CONCEPT_EVALUATION': { 'chunksize': 256,
                                   'parallel': False,
                                   'progress': True,
                                   'sequential_threshold': 64},
  'PARALLEL_CUT_EVALUATION': { 'chunksize': 4096,
                               'parallel': False,
                               'progress': True,
                               'sequential_threshold': 1024},
  'PARALLEL_MECHANISM_PARTITION_EVALUATION': { 'chunksize': 4096,
                                               'parallel': False,
                                               'progress': True,
                                               'sequential_threshold': 1024},
  'PARALLEL_PURVIEW_EVALUATION': { 'chunksize': 256,
                                   'parallel': False,
                                   'progress': True,
                                   'sequential_threshold': 64},
  'PARALLEL_RELATION_EVALUATION': { 'chunksize': 4096,
                                    'parallel': False,
                                    'progress': True,
                                    'sequential_threshold': 1024},
  'PARTITION_TYPE': 'ALL',
  'PRECISION': 13,
  'PRINT_FRACTIONS': True,
  'PROGRESS_BARS': True,
  'PURVIEW_TIE_RESOLUTION': 'PHI',
  'RAY_CONFIG': {},
  'REDIS_CACHE': False,
  'REDIS_CONFIG': {'db': 0, 'host': 'localhost', 'port': 6379, 'test_db': 1},
  'RELATION_COMPUTATION': 'CONCRETE',
  'REPERTOIRE_DISTANCE': 'GENERALIZED_INTRINSIC_DIFFERENCE',
  'REPERTOIRE_DISTANCE_INFORMATION': 'GENERALIZED_INTRINSIC_DIFFERENCE',
  'REPR_VERBOSITY': 2,
  'SHORTCIRCUIT_SIA': True,
  'SINGLE_MICRO_NODES_WITH_SELFLOOPS_HAVE_PHI': True,
  'STATE_TIE_RESOLUTION': 'PHI',
  'SYSTEM_CUTS': '3.0_STYLE',
  'SYSTEM_PARTITION_INCLUDE_COMPLETE': False,
  'SYSTEM_PARTITION_TYPE': 'SET_UNI/BI',
  'VALIDATE_CONDITIONAL_INDEPENDENCE': True,
  'VALIDATE_SUBSYSTEM_STATES': True,
  'WELCOME_OFF': False}
2026-05-07 05:48:23,881 [pyphi.compute.subsystem] INFO MainProcess: Calculating big-phi data for Subsystem(cat, bound)...
2026-05-07 05:48:23,888 [pyphi.compute.subsystem] INFO MainProcess: Calculating big-phi data for Subsystem(cat, bound)...
2026-05-07 05:48:23,890 [pyphi.compute.subsystem] INFO MainProcess: Calculating big-phi data for Subsystem(cat, bound)...
2026-05-07 05:48:23,892 [pyphi.compute.subsystem] INFO MainProcess: Calculating big-phi data for Subsystem(cat, bound)...
2026-05-07 13:35:40,169 [pyphi.conf] INFO MainProcess: PyPhi v1.2.1.dev1569+gf92b981d6
2026-05-07 13:35:40,170 [pyphi.conf] INFO MainProcess: Using default configuration (no configuration file provided)
2026-05-07 13:35:40,170 [pyphi.conf] INFO MainProcess: Current PyPhi configuration:
 { 'ACTUAL_CAUSATION_MEASURE': 'PMI',
  'ASSUME_CUTS_CANNOT_CREATE_NEW_CONCEPTS': False,
  'CACHE_POTENTIAL_PURVIEWS': True,
  'CACHE_REPERTOIRES': True,
  'CES_DISTANCE': 'SUM_SMALL_PHI',
  'CLEAR_SUBSYSTEM_CACHES_AFTER_COMPUTING_SIA': False,
  'DISTINCTION_PHI_NORMALIZATION': 'NUM_CONNECTIONS_CUT',
  'IIT_VERSION': 4.0,
  'LABEL_SEPARATOR': '',
  'LOG_FILE': 'pyphi.log',
  'LOG_FILE_LEVEL': 'INFO',
  'LOG_STDOUT_LEVEL': 'WARNING',
  'MAXIMUM_CACHE_MEMORY_PERCENTAGE': 50,
  'MIP_TIE_RESOLUTION': ['NORMALIZED_PHI', 'NEGATIVE_PHI'],
  'PARALLEL': False,
  'PARALLEL_BACKEND': 'local',
  'PARALLEL_COMPLEX_EVALUATION': { 'chunksize': 64,
                                   'parallel': False,
                                   'progress': True,
                                   'sequential_threshold': 16},
  'PARALLEL_CONCEPT_EVALUATION': { 'chunksize': 256,
                                   'parallel': False,
                                   'progress': True,
                                   'sequential_threshold': 64},
  'PARALLEL_CUT_EVALUATION': { 'chunksize': 4096,
                               'parallel': False,
                               'progress': True,
                               'sequential_threshold': 1024},
  'PARALLEL_MECHANISM_PARTITION_EVALUATION': { 'chunksize': 4096,
                                               'parallel': False,
                                               'progress': True,
                                               'sequential_threshold': 1024},
  'PARALLEL_PURVIEW_EVALUATION': { 'chunksize': 256,
                                   'parallel': False,
                                   'progress': True,
                                   'sequential_threshold': 64},
  'PARALLEL_RELATION_EVALUATION': { 'chunksize': 4096,
                                    'parallel': False,
                                    'progress': True,
                                    'sequential_threshold': 1024},
  'PARALLEL_WORKERS': -1,
  'PARTITION_TYPE': 'ALL',
  'PRECISION': 13,
  'PRINT_FRACTIONS': True,
  'PROGRESS_BARS': True,
  'PURVIEW_TIE_RESOLUTION': 'PHI',
  'REDIS_CACHE': False,
  'REDIS_CONFIG': {'db': 0, 'host': 'localhost', 'port': 6379, 'test_db': 1},
  'RELATION_COMPUTATION': 'CONCRETE',
  'REPERTOIRE_DISTANCE': 'INTRINSIC_INFORMATION',
  'REPERTOIRE_DISTANCE_DIFFERENTIATION': 'INTRINSIC_DIFFERENTIATION',
  'REPERTOIRE_DISTANCE_SPECIFICATION': 'INTRINSIC_SPECIFICATION',
  'REPR_VERBOSITY': 2,
  'SHORTCIRCUIT_SIA': True,
  'SINGLE_MICRO_NODES_WITH_SELFLOOPS_HAVE_PHI': True,
  'STATE_TIE_RESOLUTION': 'PHI',
  'SYSTEM_CUTS': '3.0_STYLE',
  'SYSTEM_PARTITION_INCLUDE_COMPLETE': False,
  'SYSTEM_PARTITION_TYPE': 'SET_UNI/BI',
  'VALIDATE_CONDITIONAL_INDEPENDENCE': True,
  'VALIDATE_JSON_VERSION': True,
  'VALIDATE_SUBSYSTEM_STATES': True,
  'WELCOME_OFF': False}
2026-05-07 13:36:36,399 [pyphi.conf] INFO MainProcess: PyPhi v1.2.1.dev1470+gb78d0e342
2026-05-07 13:36:36,399 [pyphi.conf] INFO MainProcess: Using default configuration (no configuration file provided)
2026-05-07 13:36:36,400 [pyphi.conf] INFO MainProcess: Current PyPhi configuration:
 { 'ACTUAL_CAUSATION_MEASURE': 'PMI',
  'ASSUME_CUTS_CANNOT_CREATE_NEW_CONCEPTS': False,
  'CACHE_POTENTIAL_PURVIEWS': True,
  'CACHE_REPERTOIRES': True,
  'CES_DISTANCE': 'SUM_SMALL_PHI',
  'CLEAR_SUBSYSTEM_CACHES_AFTER_COMPUTING_SIA': False,
  'DISTINCTION_PHI_NORMALIZATION': 'NUM_CONNECTIONS_CUT',
  'IIT_VERSION': 4.0,
  'LABEL_SEPARATOR': '',
  'LOG_FILE': 'pyphi.log',
  'LOG_FILE_LEVEL': 'INFO',
  'LOG_STDOUT_LEVEL': 'WARNING',
  'MAXIMUM_CACHE_MEMORY_PERCENTAGE': 50,
  'MIP_TIE_RESOLUTION': ['NORMALIZED_PHI', 'NEGATIVE_PHI'],
  'NUMBER_OF_CORES': -1,
  'PARALLEL': False,
  'PARALLEL_COMPLEX_EVALUATION': { 'chunksize': 64,
                                   'parallel': False,
                                   'progress': True,
                                   'sequential_threshold': 16},
  'PARALLEL_CONCEPT_EVALUATION': { 'chunksize': 256,
                                   'parallel': False,
                                   'progress': True,
                                   'sequential_threshold': 64},
  'PARALLEL_CUT_EVALUATION': { 'chunksize': 4096,
                               'parallel': False,
                               'progress': True,
                               'sequential_threshold': 1024},
  'PARALLEL_MECHANISM_PARTITION_EVALUATION': { 'chunksize': 4096,
                                               'parallel': False,
                                               'progress': True,
                                               'sequential_threshold': 1024},
  'PARALLEL_PURVIEW_EVALUATION': { 'chunksize': 256,
                                   'parallel': False,
                                   'progress': True,
                                   'sequential_threshold': 64},
  'PARALLEL_RELATION_EVALUATION': { 'chunksize': 4096,
                                    'parallel': False,
                                    'progress': True,
                                    'sequential_threshold': 1024},
  'PARTITION_TYPE': 'ALL',
  'PRECISION': 13,
  'PRINT_FRACTIONS': True,
  'PROGRESS_BARS': True,
  'PURVIEW_TIE_RESOLUTION': 'PHI',
  'RAY_CONFIG': {},
  'REDIS_CACHE': False,
  'REDIS_CONFIG': {'db': 0, 'host': 'localhost', 'port': 6379, 'test_db': 1},
  'RELATION_COMPUTATION': 'CONCRETE',
  'REPERTOIRE_DISTANCE': 'GENERALIZED_INTRINSIC_DIFFERENCE',
  'REPERTOIRE_DISTANCE_INFORMATION': 'GENERALIZED_INTRINSIC_DIFFERENCE',
  'REPR_VERBOSITY': 2,
  'SHORTCIRCUIT_SIA': True,
  'SINGLE_MICRO_NODES_WITH_SELFLOOPS_HAVE_PHI': True,
  'STATE_TIE_RESOLUTION': 'PHI',
  'SYSTEM_CUTS': '3.0_STYLE',
  'SYSTEM_PARTITION_INCLUDE_COMPLETE': False,
  'SYSTEM_PARTITION_TYPE': 'SET_UNI/BI',
  'VALIDATE_CONDITIONAL_INDEPENDENCE': True,
  'VALIDATE_SUBSYSTEM_STATES': True,
  'WELCOME_OFF': False}
2026-05-07 13:39:15,365 [pyphi.conf] INFO MainProcess: PyPhi v1.2.1.dev1470+gb78d0e342
2026-05-07 13:39:15,365 [pyphi.conf] INFO MainProcess: Using default configuration (no configuration file provided)
2026-05-07 13:39:15,366 [pyphi.conf] INFO MainProcess: Current PyPhi configuration:
 { 'ACTUAL_CAUSATION_MEASURE': 'PMI',
  'ASSUME_CUTS_CANNOT_CREATE_NEW_CONCEPTS': False,
  'CACHE_POTENTIAL_PURVIEWS': True,
  'CACHE_REPERTOIRES': True,
  'CES_DISTANCE': 'SUM_SMALL_PHI',
  'CLEAR_SUBSYSTEM_CACHES_AFTER_COMPUTING_SIA': False,
  'DISTINCTION_PHI_NORMALIZATION': 'NUM_CONNECTIONS_CUT',
  'IIT_VERSION': 4.0,
  'LABEL_SEPARATOR': '',
  'LOG_FILE': 'pyphi.log',
  'LOG_FILE_LEVEL': 'INFO',
  'LOG_STDOUT_LEVEL': 'WARNING',
  'MAXIMUM_CACHE_MEMORY_PERCENTAGE': 50,
  'MIP_TIE_RESOLUTION': ['NORMALIZED_PHI', 'NEGATIVE_PHI'],
  'NUMBER_OF_CORES': -1,
  'PARALLEL': False,
  'PARALLEL_COMPLEX_EVALUATION': { 'chunksize': 64,
                                   'parallel': False,
                                   'progress': True,
                                   'sequential_threshold': 16},
  'PARALLEL_CONCEPT_EVALUATION': { 'chunksize': 256,
                                   'parallel': False,
                                   'progress': True,
                                   'sequential_threshold': 64},
  'PARALLEL_CUT_EVALUATION': { 'chunksize': 4096,
                               'parallel': False,
                               'progress': True,
                               'sequential_threshold': 1024},
  'PARALLEL_MECHANISM_PARTITION_EVALUATION': { 'chunksize': 4096,
                                               'parallel': False,
                                               'progress': True,
                                               'sequential_threshold': 1024},
  'PARALLEL_PURVIEW_EVALUATION': { 'chunksize': 256,
                                   'parallel': False,
                                   'progress': True,
                                   'sequential_threshold': 64},
  'PARALLEL_RELATION_EVALUATION': { 'chunksize': 4096,
                                    'parallel': False,
                                    'progress': True,
                                    'sequential_threshold': 1024},
  'PARTITION_TYPE': 'ALL',
  'PRECISION': 13,
  'PRINT_FRACTIONS': True,
  'PROGRESS_BARS': True,
  'PURVIEW_TIE_RESOLUTION': 'PHI',
  'RAY_CONFIG': {},
  'REDIS_CACHE': False,
  'REDIS_CONFIG': {'db': 0, 'host': 'localhost', 'port': 6379, 'test_db': 1},
  'RELATION_COMPUTATION': 'CONCRETE',
  'REPERTOIRE_DISTANCE': 'GENERALIZED_INTRINSIC_DIFFERENCE',
  'REPERTOIRE_DISTANCE_INFORMATION': 'GENERALIZED_INTRINSIC_DIFFERENCE',
  'REPR_VERBOSITY': 2,
  'SHORTCIRCUIT_SIA': True,
  'SINGLE_MICRO_NODES_WITH_SELFLOOPS_HAVE_PHI': True,
  'STATE_TIE_RESOLUTION': 'PHI',
  'SYSTEM_CUTS': '3.0_STYLE',
  'SYSTEM_PARTITION_INCLUDE_COMPLETE': False,
  'SYSTEM_PARTITION_TYPE': 'SET_UNI/BI',
  'VALIDATE_CONDITIONAL_INDEPENDENCE': True,
  'VALIDATE_SUBSYSTEM_STATES': True,
  'WELCOME_OFF': False}
2026-05-07 13:39:22,772 [pyphi.compute.subsystem] INFO MainProcess: Calculating big-phi data for Subsystem(n0, n1)...
2026-05-07 13:40:05,506 [pyphi.conf] INFO MainProcess: PyPhi v1.2.1.dev1470+gb78d0e342
2026-05-07 13:40:05,507 [pyphi.conf] INFO MainProcess: Using default configuration (no configuration file provided)
2026-05-07 13:40:05,508 [pyphi.conf] INFO MainProcess: Current PyPhi configuration:
 { 'ACTUAL_CAUSATION_MEASURE': 'PMI',
  'ASSUME_CUTS_CANNOT_CREATE_NEW_CONCEPTS': False,
  'CACHE_POTENTIAL_PURVIEWS': True,
  'CACHE_REPERTOIRES': True,
  'CES_DISTANCE': 'SUM_SMALL_PHI',
  'CLEAR_SUBSYSTEM_CACHES_AFTER_COMPUTING_SIA': False,
  'DISTINCTION_PHI_NORMALIZATION': 'NUM_CONNECTIONS_CUT',
  'IIT_VERSION': 4.0,
  'LABEL_SEPARATOR': '',
  'LOG_FILE': 'pyphi.log',
  'LOG_FILE_LEVEL': 'INFO',
  'LOG_STDOUT_LEVEL': 'WARNING',
  'MAXIMUM_CACHE_MEMORY_PERCENTAGE': 50,
  'MIP_TIE_RESOLUTION': ['NORMALIZED_PHI', 'NEGATIVE_PHI'],
  'NUMBER_OF_CORES': -1,
  'PARALLEL': False,
  'PARALLEL_COMPLEX_EVALUATION': { 'chunksize': 64,
                                   'parallel': False,
                                   'progress': True,
                                   'sequential_threshold': 16},
  'PARALLEL_CONCEPT_EVALUATION': { 'chunksize': 256,
                                   'parallel': False,
                                   'progress': True,
                                   'sequential_threshold': 64},
  'PARALLEL_CUT_EVALUATION': { 'chunksize': 4096,
                               'parallel': False,
                               'progress': True,
                               'sequential_threshold': 1024},
  'PARALLEL_MECHANISM_PARTITION_EVALUATION': { 'chunksize': 4096,
                                               'parallel': False,
                                               'progress': True,
                                               'sequential_threshold': 1024},
  'PARALLEL_PURVIEW_EVALUATION': { 'chunksize': 256,
                                   'parallel': False,
                                   'progress': True,
                                   'sequential_threshold': 64},
  'PARALLEL_RELATION_EVALUATION': { 'chunksize': 4096,
                                    'parallel': False,
                                    'progress': True,
                                    'sequential_threshold': 1024},
  'PARTITION_TYPE': 'ALL',
  'PRECISION': 13,
  'PRINT_FRACTIONS': True,
  'PROGRESS_BARS': True,
  'PURVIEW_TIE_RESOLUTION': 'PHI',
  'RAY_CONFIG': {},
  'REDIS_CACHE': False,
  'REDIS_CONFIG': {'db': 0, 'host': 'localhost', 'port': 6379, 'test_db': 1},
  'RELATION_COMPUTATION': 'CONCRETE',
  'REPERTOIRE_DISTANCE': 'GENERALIZED_INTRINSIC_DIFFERENCE',
  'REPERTOIRE_DISTANCE_INFORMATION': 'GENERALIZED_INTRINSIC_DIFFERENCE',
  'REPR_VERBOSITY': 2,
  'SHORTCIRCUIT_SIA': True,
  'SINGLE_MICRO_NODES_WITH_SELFLOOPS_HAVE_PHI': True,
  'STATE_TIE_RESOLUTION': 'PHI',
  'SYSTEM_CUTS': '3.0_STYLE',
  'SYSTEM_PARTITION_INCLUDE_COMPLETE': False,
  'SYSTEM_PARTITION_TYPE': 'SET_UNI/BI',
  'VALIDATE_CONDITIONAL_INDEPENDENCE': True,
  'VALIDATE_SUBSYSTEM_STATES': True,
  'WELCOME_OFF': False}
2026-05-07 13:42:14,485 [pyphi.conf] INFO MainProcess: PyPhi v1.2.1.dev1470+gb78d0e342
2026-05-07 13:42:14,485 [pyphi.conf] INFO MainProcess: Using default configuration (no configuration file provided)
2026-05-07 13:42:14,486 [pyphi.conf] INFO MainProcess: Current PyPhi configuration:
 { 'ACTUAL_CAUSATION_MEASURE': 'PMI',
  'ASSUME_CUTS_CANNOT_CREATE_NEW_CONCEPTS': False,
  'CACHE_POTENTIAL_PURVIEWS': True,
  'CACHE_REPERTOIRES': True,
  'CES_DISTANCE': 'SUM_SMALL_PHI',
  'CLEAR_SUBSYSTEM_CACHES_AFTER_COMPUTING_SIA': False,
  'DISTINCTION_PHI_NORMALIZATION': 'NUM_CONNECTIONS_CUT',
  'IIT_VERSION': 4.0,
  'LABEL_SEPARATOR': '',
  'LOG_FILE': 'pyphi.log',
  'LOG_FILE_LEVEL': 'INFO',
  'LOG_STDOUT_LEVEL': 'WARNING',
  'MAXIMUM_CACHE_MEMORY_PERCENTAGE': 50,
  'MIP_TIE_RESOLUTION': ['NORMALIZED_PHI', 'NEGATIVE_PHI'],
  'NUMBER_OF_CORES': -1,
  'PARALLEL': False,
  'PARALLEL_COMPLEX_EVALUATION': { 'chunksize': 64,
                                   'parallel': False,
                                   'progress': True,
                                   'sequential_threshold': 16},
  'PARALLEL_CONCEPT_EVALUATION': { 'chunksize': 256,
                                   'parallel': False,
                                   'progress': True,
                                   'sequential_threshold': 64},
  'PARALLEL_CUT_EVALUATION': { 'chunksize': 4096,
                               'parallel': False,
                               'progress': True,
                               'sequential_threshold': 1024},
  'PARALLEL_MECHANISM_PARTITION_EVALUATION': { 'chunksize': 4096,
                                               'parallel': False,
                                               'progress': True,
                                               'sequential_threshold': 1024},
  'PARALLEL_PURVIEW_EVALUATION': { 'chunksize': 256,
                                   'parallel': False,
                                   'progress': True,
                                   'sequential_threshold': 64},
  'PARALLEL_RELATION_EVALUATION': { 'chunksize': 4096,
                                    'parallel': False,
                                    'progress': True,
                                    'sequential_threshold': 1024},
  'PARTITION_TYPE': 'ALL',
  'PRECISION': 13,
  'PRINT_FRACTIONS': True,
  'PROGRESS_BARS': True,
  'PURVIEW_TIE_RESOLUTION': 'PHI',
  'RAY_CONFIG': {},
  'REDIS_CACHE': False,
  'REDIS_CONFIG': {'db': 0, 'host': 'localhost', 'port': 6379, 'test_db': 1},
  'RELATION_COMPUTATION': 'CONCRETE',
  'REPERTOIRE_DISTANCE': 'GENERALIZED_INTRINSIC_DIFFERENCE',
  'REPERTOIRE_DISTANCE_INFORMATION': 'GENERALIZED_INTRINSIC_DIFFERENCE',
  'REPR_VERBOSITY': 2,
  'SHORTCIRCUIT_SIA': True,
  'SINGLE_MICRO_NODES_WITH_SELFLOOPS_HAVE_PHI': True,
  'STATE_TIE_RESOLUTION': 'PHI',
  'SYSTEM_CUTS': '3.0_STYLE',
  'SYSTEM_PARTITION_INCLUDE_COMPLETE': False,
  'SYSTEM_PARTITION_TYPE': 'SET_UNI/BI',
  'VALIDATE_CONDITIONAL_INDEPENDENCE': True,
  'VALIDATE_SUBSYSTEM_STATES': True,
  'WELCOME_OFF': False}
2026-05-07 13:55:31,592 [pyphi.conf] INFO MainProcess: PyPhi v1.2.1.dev1470+gb78d0e342
2026-05-07 13:55:31,593 [pyphi.conf] INFO MainProcess: Using default configuration (no configuration file provided)
2026-05-07 13:55:31,593 [pyphi.conf] INFO MainProcess: Current PyPhi configuration:
 { 'ACTUAL_CAUSATION_MEASURE': 'PMI',
  'ASSUME_CUTS_CANNOT_CREATE_NEW_CONCEPTS': False,
  'CACHE_POTENTIAL_PURVIEWS': True,
  'CACHE_REPERTOIRES': True,
  'CES_DISTANCE': 'SUM_SMALL_PHI',
  'CLEAR_SUBSYSTEM_CACHES_AFTER_COMPUTING_SIA': False,
  'DISTINCTION_PHI_NORMALIZATION': 'NUM_CONNECTIONS_CUT',
  'IIT_VERSION': 4.0,
  'LABEL_SEPARATOR': '',
  'LOG_FILE': 'pyphi.log',
  'LOG_FILE_LEVEL': 'INFO',
  'LOG_STDOUT_LEVEL': 'WARNING',
  'MAXIMUM_CACHE_MEMORY_PERCENTAGE': 50,
  'MIP_TIE_RESOLUTION': ['NORMALIZED_PHI', 'NEGATIVE_PHI'],
  'NUMBER_OF_CORES': -1,
  'PARALLEL': False,
  'PARALLEL_COMPLEX_EVALUATION': { 'chunksize': 64,
                                   'parallel': False,
                                   'progress': True,
                                   'sequential_threshold': 16},
  'PARALLEL_CONCEPT_EVALUATION': { 'chunksize': 256,
                                   'parallel': False,
                                   'progress': True,
                                   'sequential_threshold': 64},
  'PARALLEL_CUT_EVALUATION': { 'chunksize': 4096,
                               'parallel': False,
                               'progress': True,
                               'sequential_threshold': 1024},
  'PARALLEL_MECHANISM_PARTITION_EVALUATION': { 'chunksize': 4096,
                                               'parallel': False,
                                               'progress': True,
                                               'sequential_threshold': 1024},
  'PARALLEL_PURVIEW_EVALUATION': { 'chunksize': 256,
                                   'parallel': False,
                                   'progress': True,
                                   'sequential_threshold': 64},
  'PARALLEL_RELATION_EVALUATION': { 'chunksize': 4096,
                                    'parallel': False,
                                    'progress': True,
                                    'sequential_threshold': 1024},
  'PARTITION_TYPE': 'ALL',
  'PRECISION': 13,
  'PRINT_FRACTIONS': True,
  'PROGRESS_BARS': True,
  'PURVIEW_TIE_RESOLUTION': 'PHI',
  'RAY_CONFIG': {},
  'REDIS_CACHE': False,
  'REDIS_CONFIG': {'db': 0, 'host': 'localhost', 'port': 6379, 'test_db': 1},
  'RELATION_COMPUTATION': 'CONCRETE',
  'REPERTOIRE_DISTANCE': 'GENERALIZED_INTRINSIC_DIFFERENCE',
  'REPERTOIRE_DISTANCE_INFORMATION': 'GENERALIZED_INTRINSIC_DIFFERENCE',
  'REPR_VERBOSITY': 2,
  'SHORTCIRCUIT_SIA': True,
  'SINGLE_MICRO_NODES_WITH_SELFLOOPS_HAVE_PHI': True,
  'STATE_TIE_RESOLUTION': 'PHI',
  'SYSTEM_CUTS': '3.0_STYLE',
  'SYSTEM_PARTITION_INCLUDE_COMPLETE': False,
  'SYSTEM_PARTITION_TYPE': 'SET_UNI/BI',
  'VALIDATE_CONDITIONAL_INDEPENDENCE': True,
  'VALIDATE_SUBSYSTEM_STATES': True,
  'WELCOME_OFF': False}
2026-05-07 13:56:17,987 [pyphi.conf] INFO MainProcess: PyPhi v1.2.1.dev1470+gb78d0e342
2026-05-07 13:56:17,987 [pyphi.conf] INFO MainProcess: Using default configuration (no configuration file provided)
2026-05-07 13:56:17,988 [pyphi.conf] INFO MainProcess: Current PyPhi configuration:
 { 'ACTUAL_CAUSATION_MEASURE': 'PMI',
  'ASSUME_CUTS_CANNOT_CREATE_NEW_CONCEPTS': False,
  'CACHE_POTENTIAL_PURVIEWS': True,
  'CACHE_REPERTOIRES': True,
  'CES_DISTANCE': 'SUM_SMALL_PHI',
  'CLEAR_SUBSYSTEM_CACHES_AFTER_COMPUTING_SIA': False,
  'DISTINCTION_PHI_NORMALIZATION': 'NUM_CONNECTIONS_CUT',
  'IIT_VERSION': 4.0,
  'LABEL_SEPARATOR': '',
  'LOG_FILE': 'pyphi.log',
  'LOG_FILE_LEVEL': 'INFO',
  'LOG_STDOUT_LEVEL': 'WARNING',
  'MAXIMUM_CACHE_MEMORY_PERCENTAGE': 50,
  'MIP_TIE_RESOLUTION': ['NORMALIZED_PHI', 'NEGATIVE_PHI'],
  'NUMBER_OF_CORES': -1,
  'PARALLEL': False,
  'PARALLEL_COMPLEX_EVALUATION': { 'chunksize': 64,
                                   'parallel': False,
                                   'progress': True,
                                   'sequential_threshold': 16},
  'PARALLEL_CONCEPT_EVALUATION': { 'chunksize': 256,
                                   'parallel': False,
                                   'progress': True,
                                   'sequential_threshold': 64},
  'PARALLEL_CUT_EVALUATION': { 'chunksize': 4096,
                               'parallel': False,
                               'progress': True,
                               'sequential_threshold': 1024},
  'PARALLEL_MECHANISM_PARTITION_EVALUATION': { 'chunksize': 4096,
                                               'parallel': False,
                                               'progress': True,
                                               'sequential_threshold': 1024},
  'PARALLEL_PURVIEW_EVALUATION': { 'chunksize': 256,
                                   'parallel': False,
                                   'progress': True,
                                   'sequential_threshold': 64},
  'PARALLEL_RELATION_EVALUATION': { 'chunksize': 4096,
                                    'parallel': False,
                                    'progress': True,
                                    'sequential_threshold': 1024},
  'PARTITION_TYPE': 'ALL',
  'PRECISION': 13,
  'PRINT_FRACTIONS': True,
  'PROGRESS_BARS': True,
  'PURVIEW_TIE_RESOLUTION': 'PHI',
  'RAY_CONFIG': {},
  'REDIS_CACHE': False,
  'REDIS_CONFIG': {'db': 0, 'host': 'localhost', 'port': 6379, 'test_db': 1},
  'RELATION_COMPUTATION': 'CONCRETE',
  'REPERTOIRE_DISTANCE': 'GENERALIZED_INTRINSIC_DIFFERENCE',
  'REPERTOIRE_DISTANCE_INFORMATION': 'GENERALIZED_INTRINSIC_DIFFERENCE',
  'REPR_VERBOSITY': 2,
  'SHORTCIRCUIT_SIA': True,
  'SINGLE_MICRO_NODES_WITH_SELFLOOPS_HAVE_PHI': True,
  'STATE_TIE_RESOLUTION': 'PHI',
  'SYSTEM_CUTS': '3.0_STYLE',
  'SYSTEM_PARTITION_INCLUDE_COMPLETE': False,
  'SYSTEM_PARTITION_TYPE': 'SET_UNI/BI',
  'VALIDATE_CONDITIONAL_INDEPENDENCE': True,
  'VALIDATE_SUBSYSTEM_STATES': True,
  'WELCOME_OFF': False}
2026-05-07 13:58:23,181 [pyphi.conf] INFO MainProcess: PyPhi v1.2.1.dev1470+gb78d0e342
2026-05-07 13:58:23,181 [pyphi.conf] INFO MainProcess: Using default configuration (no configuration file provided)
2026-05-07 13:58:23,182 [pyphi.conf] INFO MainProcess: Current PyPhi configuration:
 { 'ACTUAL_CAUSATION_MEASURE': 'PMI',
  'ASSUME_CUTS_CANNOT_CREATE_NEW_CONCEPTS': False,
  'CACHE_POTENTIAL_PURVIEWS': True,
  'CACHE_REPERTOIRES': True,
  'CES_DISTANCE': 'SUM_SMALL_PHI',
  'CLEAR_SUBSYSTEM_CACHES_AFTER_COMPUTING_SIA': False,
  'DISTINCTION_PHI_NORMALIZATION': 'NUM_CONNECTIONS_CUT',
  'IIT_VERSION': 4.0,
  'LABEL_SEPARATOR': '',
  'LOG_FILE': 'pyphi.log',
  'LOG_FILE_LEVEL': 'INFO',
  'LOG_STDOUT_LEVEL': 'WARNING',
  'MAXIMUM_CACHE_MEMORY_PERCENTAGE': 50,
  'MIP_TIE_RESOLUTION': ['NORMALIZED_PHI', 'NEGATIVE_PHI'],
  'NUMBER_OF_CORES': -1,
  'PARALLEL': False,
  'PARALLEL_COMPLEX_EVALUATION': { 'chunksize': 64,
                                   'parallel': False,
                                   'progress': True,
                                   'sequential_threshold': 16},
  'PARALLEL_CONCEPT_EVALUATION': { 'chunksize': 256,
                                   'parallel': False,
                                   'progress': True,
                                   'sequential_threshold': 64},
  'PARALLEL_CUT_EVALUATION': { 'chunksize': 4096,
                               'parallel': False,
                               'progress': True,
                               'sequential_threshold': 1024},
  'PARALLEL_MECHANISM_PARTITION_EVALUATION': { 'chunksize': 4096,
                                               'parallel': False,
                                               'progress': True,
                                               'sequential_threshold': 1024},
  'PARALLEL_PURVIEW_EVALUATION': { 'chunksize': 256,
                                   'parallel': False,
                                   'progress': True,
                                   'sequential_threshold': 64},
  'PARALLEL_RELATION_EVALUATION': { 'chunksize': 4096,
                                    'parallel': False,
                                    'progress': True,
                                    'sequential_threshold': 1024},
  'PARTITION_TYPE': 'ALL',
  'PRECISION': 13,
  'PRINT_FRACTIONS': True,
  'PROGRESS_BARS': True,
  'PURVIEW_TIE_RESOLUTION': 'PHI',
  'RAY_CONFIG': {},
  'REDIS_CACHE': False,
  'REDIS_CONFIG': {'db': 0, 'host': 'localhost', 'port': 6379, 'test_db': 1},
  'RELATION_COMPUTATION': 'CONCRETE',
  'REPERTOIRE_DISTANCE': 'GENERALIZED_INTRINSIC_DIFFERENCE',
  'REPERTOIRE_DISTANCE_INFORMATION': 'GENERALIZED_INTRINSIC_DIFFERENCE',
  'REPR_VERBOSITY': 2,
  'SHORTCIRCUIT_SIA': True,
  'SINGLE_MICRO_NODES_WITH_SELFLOOPS_HAVE_PHI': True,
  'STATE_TIE_RESOLUTION': 'PHI',
  'SYSTEM_CUTS': '3.0_STYLE',
  'SYSTEM_PARTITION_INCLUDE_COMPLETE': False,
  'SYSTEM_PARTITION_TYPE': 'SET_UNI/BI',
  'VALIDATE_CONDITIONAL_INDEPENDENCE': True,
  'VALIDATE_SUBSYSTEM_STATES': True,
  'WELCOME_OFF': False}
2026-05-07 13:59:13,307 [pyphi.conf] INFO MainProcess: PyPhi v1.2.1.dev1470+gb78d0e342
2026-05-07 13:59:13,307 [pyphi.conf] INFO MainProcess: Using default configuration (no configuration file provided)
2026-05-07 13:59:13,308 [pyphi.conf] INFO MainProcess: Current PyPhi configuration:
 { 'ACTUAL_CAUSATION_MEASURE': 'PMI',
  'ASSUME_CUTS_CANNOT_CREATE_NEW_CONCEPTS': False,
  'CACHE_POTENTIAL_PURVIEWS': True,
  'CACHE_REPERTOIRES': True,
  'CES_DISTANCE': 'SUM_SMALL_PHI',
  'CLEAR_SUBSYSTEM_CACHES_AFTER_COMPUTING_SIA': False,
  'DISTINCTION_PHI_NORMALIZATION': 'NUM_CONNECTIONS_CUT',
  'IIT_VERSION': 4.0,
  'LABEL_SEPARATOR': '',
  'LOG_FILE': 'pyphi.log',
  'LOG_FILE_LEVEL': 'INFO',
  'LOG_STDOUT_LEVEL': 'WARNING',
  'MAXIMUM_CACHE_MEMORY_PERCENTAGE': 50,
  'MIP_TIE_RESOLUTION': ['NORMALIZED_PHI', 'NEGATIVE_PHI'],
  'NUMBER_OF_CORES': -1,
  'PARALLEL': False,
  'PARALLEL_COMPLEX_EVALUATION': { 'chunksize': 64,
                                   'parallel': False,
                                   'progress': True,
                                   'sequential_threshold': 16},
  'PARALLEL_CONCEPT_EVALUATION': { 'chunksize': 256,
                                   'parallel': False,
                                   'progress': True,
                                   'sequential_threshold': 64},
  'PARALLEL_CUT_EVALUATION': { 'chunksize': 4096,
                               'parallel': False,
                               'progress': True,
                               'sequential_threshold': 1024},
  'PARALLEL_MECHANISM_PARTITION_EVALUATION': { 'chunksize': 4096,
                                               'parallel': False,
                                               'progress': True,
                                               'sequential_threshold': 1024},
  'PARALLEL_PURVIEW_EVALUATION': { 'chunksize': 256,
                                   'parallel': False,
                                   'progress': True,
                                   'sequential_threshold': 64},
  'PARALLEL_RELATION_EVALUATION': { 'chunksize': 4096,
                                    'parallel': False,
                                    'progress': True,
                                    'sequential_threshold': 1024},
  'PARTITION_TYPE': 'ALL',
  'PRECISION': 13,
  'PRINT_FRACTIONS': True,
  'PROGRESS_BARS': True,
  'PURVIEW_TIE_RESOLUTION': 'PHI',
  'RAY_CONFIG': {},
  'REDIS_CACHE': False,
  'REDIS_CONFIG': {'db': 0, 'host': 'localhost', 'port': 6379, 'test_db': 1},
  'RELATION_COMPUTATION': 'CONCRETE',
  'REPERTOIRE_DISTANCE': 'GENERALIZED_INTRINSIC_DIFFERENCE',
  'REPERTOIRE_DISTANCE_INFORMATION': 'GENERALIZED_INTRINSIC_DIFFERENCE',
  'REPR_VERBOSITY': 2,
  'SHORTCIRCUIT_SIA': True,
  'SINGLE_MICRO_NODES_WITH_SELFLOOPS_HAVE_PHI': True,
  'STATE_TIE_RESOLUTION': 'PHI',
  'SYSTEM_CUTS': '3.0_STYLE',
  'SYSTEM_PARTITION_INCLUDE_COMPLETE': False,
  'SYSTEM_PARTITION_TYPE': 'SET_UNI/BI',
  'VALIDATE_CONDITIONAL_INDEPENDENCE': True,
  'VALIDATE_SUBSYSTEM_STATES': True,
  'WELCOME_OFF': False}
2026-05-07 14:00:00,071 [pyphi.conf] INFO MainProcess: PyPhi v1.2.1.dev1470+gb78d0e342
2026-05-07 14:00:00,071 [pyphi.conf] INFO MainProcess: Using default configuration (no configuration file provided)
2026-05-07 14:00:00,072 [pyphi.conf] INFO MainProcess: Current PyPhi configuration:
 { 'ACTUAL_CAUSATION_MEASURE': 'PMI',
  'ASSUME_CUTS_CANNOT_CREATE_NEW_CONCEPTS': False,
  'CACHE_POTENTIAL_PURVIEWS': True,
  'CACHE_REPERTOIRES': True,
  'CES_DISTANCE': 'SUM_SMALL_PHI',
  'CLEAR_SUBSYSTEM_CACHES_AFTER_COMPUTING_SIA': False,
  'DISTINCTION_PHI_NORMALIZATION': 'NUM_CONNECTIONS_CUT',
  'IIT_VERSION': 4.0,
  'LABEL_SEPARATOR': '',
  'LOG_FILE': 'pyphi.log',
  'LOG_FILE_LEVEL': 'INFO',
  'LOG_STDOUT_LEVEL': 'WARNING',
  'MAXIMUM_CACHE_MEMORY_PERCENTAGE': 50,
  'MIP_TIE_RESOLUTION': ['NORMALIZED_PHI', 'NEGATIVE_PHI'],
  'NUMBER_OF_CORES': -1,
  'PARALLEL': False,
  'PARALLEL_COMPLEX_EVALUATION': { 'chunksize': 64,
                                   'parallel': False,
                                   'progress': True,
                                   'sequential_threshold': 16},
  'PARALLEL_CONCEPT_EVALUATION': { 'chunksize': 256,
                                   'parallel': False,
                                   'progress': True,
                                   'sequential_threshold': 64},
  'PARALLEL_CUT_EVALUATION': { 'chunksize': 4096,
                               'parallel': False,
                               'progress': True,
                               'sequential_threshold': 1024},
  'PARALLEL_MECHANISM_PARTITION_EVALUATION': { 'chunksize': 4096,
                                               'parallel': False,
                                               'progress': True,
                                               'sequential_threshold': 1024},
  'PARALLEL_PURVIEW_EVALUATION': { 'chunksize': 256,
                                   'parallel': False,
                                   'progress': True,
                                   'sequential_threshold': 64},
  'PARALLEL_RELATION_EVALUATION': { 'chunksize': 4096,
                                    'parallel': False,
                                    'progress': True,
                                    'sequential_threshold': 1024},
  'PARTITION_TYPE': 'ALL',
  'PRECISION': 13,
  'PRINT_FRACTIONS': True,
  'PROGRESS_BARS': True,
  'PURVIEW_TIE_RESOLUTION': 'PHI',
  'RAY_CONFIG': {},
  'REDIS_CACHE': False,
  'REDIS_CONFIG': {'db': 0, 'host': 'localhost', 'port': 6379, 'test_db': 1},
  'RELATION_COMPUTATION': 'CONCRETE',
  'REPERTOIRE_DISTANCE': 'GENERALIZED_INTRINSIC_DIFFERENCE',
  'REPERTOIRE_DISTANCE_INFORMATION': 'GENERALIZED_INTRINSIC_DIFFERENCE',
  'REPR_VERBOSITY': 2,
  'SHORTCIRCUIT_SIA': True,
  'SINGLE_MICRO_NODES_WITH_SELFLOOPS_HAVE_PHI': True,
  'STATE_TIE_RESOLUTION': 'PHI',
  'SYSTEM_CUTS': '3.0_STYLE',
  'SYSTEM_PARTITION_INCLUDE_COMPLETE': False,
  'SYSTEM_PARTITION_TYPE': 'SET_UNI/BI',
  'VALIDATE_CONDITIONAL_INDEPENDENCE': True,
  'VALIDATE_SUBSYSTEM_STATES': True,
  'WELCOME_OFF': False}
